--- v2 @ 2026-05-27T10:46:34.073Z ---
=== 1. seed session
supervisor TID: t_user_mpnxvn1d_wdad
[shot] v2-01-user-home
=== visit session index http://localhost:5173/flows/index?sessionId=_test_experience_1779878794073
[shot] v2-02-session-index
=== visit thread_context http://localhost:5173/flows/thread_context?sessionId=_test_experience_1779878794073&objectId=supervisor&threadId=t_user_mpnxvn1d_wdad
[shot] v2-03-thread-ctx-initial
=== poll until settle
poll[0] status=running
poll[49] status=waiting
settled: true
[shot] v2-04-thread-ctx-settled
buttons/tabs: ["pause","DEBUG","Flows","Stones","Pools","World","","R14 v2 1779878794073","","_test_experience_1779878794073","objects","","flows","_test_experience_1779878794073","↻","","Context Snapshot","Loop Timeline","","","","","","","","","","","","","","","","","","","","","","","","","","","","","","","","","","","","","","","","","",""]
label 'Loop' x11
label 'Timeline' x1
label 'Debug' x1
[shot] v2-05-time-machine-clicked-Loop_Timeline
forms final: 2
  form id= f_mpnxwkwf_jbnb command= say status= failed
  form id= f_mpnxx49e_8eui command= refine status= failed
loops: 10
dumped all loops
[shot] v2-06-final
=== DONE ===
session: _test_experience_1779878794073
