--- v3 @ 2026-05-27T10:50:23.761Z ---
session: _test_experience_1779878794073 thread: t_user_mpnxvn1d_wdad
[shot] v3-01-loop-timeline-default
diff-row text: ["Windows (5) · vs Loop #0009\n·\ntalk\nw_creator_t_user_mpnxvn1d_wdad\n(open)\nunchanged\n✏️\ncustom\ncustom:supervisor\n(open)\nchanged\n·\nfile\nw_file_mpnxw5c7_2l40\n(open)\nunchanged\n·\ncommand_exec\nf_mpnxwkwf_jbnb\n(failed)\nunchanged\n·\ncommand_exec\nf_mpnxx49e_8eui\n(failed)\nunchanged","Windows (5) · vs Loop #0009","·\ntalk\nw_creator_t_user_mpnxvn1d_wdad\n(open)\nunchanged\n✏️\ncustom\ncustom:supervisor\n(open)\nchanged\n·\nfile\nw_file_mpnxw5c7_2l40\n(open)\nunchanged\n·\ncommand_exec\nf_mpnxwkwf_jbnb\n(failed)\nunchanged\n·\ncommand_exec\nf_mpnxx49e_8eui\n(failed)\nunchanged","·\ntalk\nw_creator_t_user_mpnxvn1d_wdad\n(open)\nunchanged","·\ntalk\nw_creator_t_user_mpnxvn1d_wdad\n(open)\nunchanged",null,"·","talk","w_creator_t_user_mpnxvn1d_wdad","(open)","unchanged","✏️\ncustom\ncustom:supervisor\n(open)\nchanged","✏️\ncustom\ncustom:supervisor\n(open)\nchanged",null,"✏️","custom","custom:supervisor","(open)","changed","·\nfile\nw_file_mpnxw5c7_2l40\n(open)\nunchanged","·\nfile\nw_file_mpnxw5c7_2l40\n(open)\nunchanged",null,"·","file","w_file_mpnxw5c7_2l40","(open)","unchanged","·\ncommand_exec\nf_mpnxwkwf_jbnb\n(failed)\nunchanged","·\ncommand_exec\nf_mpnxwkwf_jbnb\n(failed)\nunchanged",null]
---try click text=/file/i >> nth=0
  count: 1
---try click text=/command_exec/i >> nth=0
  count: 1
---try click text=/talk/i >> nth=0
  count: 1
---try click text=/custom/i >> nth=0
  count: 1
buttons: ["pause","DEBUG","","R14 v2 1779878794073","","_test_experience_1779878794073","objects","","↻","Context Snapshot","Loop Timeline","Refresh","○","○","○","○","○","○","○","○","○","●","Prev","Next","Latest","","","","","","","","","","","","","","","","","","","","","","","","","","","","","","","","","","",""]
row count: 0
clicked Prev
clicked Next
[label click] Latest click: Timeout 1500ms exceeded.
Call log:
[2m  - waiting for getByText('Latest').first()[22m
[2m    - locator resolved to <button disabled type="button" class="btn small" title="Jump to latest loop
[shot] v3-03-after-nav
[shot] v3-04-back-in-history
no file row visible
changed labels: 3
[shot] v3-06-final
=== DONE ===
