--- v4 @ 2026-05-27T10:51:24.175Z ---
[shot] v4-01-tl-default
.loop-window-diff-row: 0
.window-diff-row: 5
[data-testid*=window-diff]: 5
[role=button]: 6
talk row inner html slice: <svg xmlns="http://www.w3.org/2000/svg" width="11" height="11" viewBox="0 0 24 24" fill="none" stroke="currentColor" stroke-width="2" stroke-linecap="round" stroke-linejoin="round" class="lucide lucide-chevron-right window-diff-row-chevron" aria-hidden="true"><path d="m9 18 6-6-6-6"></path></svg><span class="window-diff-row-status-icon" aria-hidden="true">·</span><span class="window-diff-row-type">talk</span><code class="window-diff-row-id">w_creator_t_user_mpnxvn1d_wdad</code><span class="window-diff-row-summary muted small">(open)</span><span class="window-diff-row-pill window-diff-row-pill-unchanged">unchanged</span>
current loop: #0010
=== click custom row ===
[shot] v4-02-custom-clicked
caret .diff-row-toggle: 0
caret button[aria-label*=expand]: 0
caret button[aria-label*=展开]: 10
caret summary: 0
summary count: 0
[shot] v4-03-after-summary-clicks
CodeMirror elements: 0
[shot] v4-04-back-loop
summary count at earlier loop: 0
[shot] v4-05-all-expanded
CodeMirror elements after expand: 0
file-window-diff: 0
talk-window-diff: 0
plan-window-diff: 0
command-exec-diff: 0
fallback-json-diff: 0
command-exec related: []
[shot] v4-06-final
=== DONE ===
