--- v5 @ 2026-05-27T10:52:15.387Z ---
current loop: #0005
[shot] v5-01-loop5
expand button count: 10
expand[0] aria=展开 tool card
expand[1] aria=展开 tool card
expand[2] aria=展开 tool card
expand[3] aria=展开 tool card
expand[4] aria=展开 tool card
expand[5] aria=展开 tool card
expand[6] aria=展开 tool card
expand[7] aria=展开 tool card
expand[8] aria=展开 tool card
expand[9] aria=展开 tool card
expand click err 5 click: Timeout 1500ms exceeded.
Call log:
[2m  - waiting for locator('button[aria-label*=展开]').nth(5)[22m

expand click err 6 click: Timeout 1500ms exceeded.
Call log:
[2m  - waiting for locator('button[aria-label*=展开]').nth(6)[22m

expand click err 7 click: Timeout 1500ms exceeded.
Call log:
[2m  - waiting for locator('button[aria-label*=展开]').nth(7)[22m

expand click err 8 click: Timeout 1500ms exceeded.
Call log:
[2m  - waiting for locator('button[aria-label*=展开]').nth(8)[22m

expand click err 9 click: Timeout 1500ms exceeded.
Call log:
[2m  - waiting for locator('button[aria-label*=展开]').nth(9)[22m

[shot] v5-02-all-expanded-loop5
file-window-diff: 0
talk-window-diff: 0
plan-window-diff: 0
command-exec-diff: 0
fallback-json-diff: 0
knowledge-window-diff: 0
search-window-diff: 0
do-window-diff: 0
CodeMirror DOM count: 0
changed/added rows: 15 0
expanded text count: 0
[shot] v5-03-expansion-detail
[shot] v5-04-loop4
loop now: #0004
expand on loop4: 5
[shot] v5-05-loop4-expanded
CM on loop4: 0
file-window-diff: 0
talk-window-diff: 0
command-exec-diff: 0
fallback-json-diff: 0
[shot] v5-06-latest-expanded
=== DONE ===
