--- v6 @ 2026-05-27T10:53:57.274Z ---
starting loop: #0010
head count: 5
[shot] v6-01-latest-all-expanded
CodeMirror DOM: 0
[class*=file-window-diff]: 0
[class*=talk-window-diff]: 0
[class*=command-exec-diff]: 0
[class*=fallback-json-diff]: 0
[class*=custom-window-diff]: 0
expanded bodies: 1
  body[0] (21c): Loading loop details…
now loop: #0005
[shot] v6-02-loop5-expanded
CodeMirror at loop5: 0
  [file-window-diff]: 0
  [talk-window-diff]: 0
  [command-exec-diff]: 0
  [fallback-json-diff]: 0
dumped 1 loop5 bodies
now loop: #0004
[shot] v6-03-loop4-expanded
CodeMirror at loop4: 0
all rows at loop4:
  [0]: · talk w_creator_t_user_mpnxvn1d_wdad (open) unchanged
  [1]: · custom custom:supervisor (open) unchanged
  [2]: · file w_file_mpnxw5c7_2l40 (open) unchanged
  [3]: 🆕 command_exec f_mpnxwkwf_jbnb (open) added Loading loop details…
=== DONE ===
