--- v7 @ 2026-05-27T10:55:02.590Z ---
session: _test_experience_1779878794073 TID: t_user_mpnxvn1d_wdad
[console] debug [vite] connecting...
[console] debug [vite] connected.
[console] info %cDownload the React DevTools for a better development experience: https://react.dev/link/react-devtools font-weight:bold
[console] warning [objects/query] skip stones/self lookup for non-stone object id "user" (filtered to avoid 404 noise; see M-3 fix)
[resp] 200 ime/flows/_test_experience_1779878794073/objects/supervisor/threads/t_user_mpnxvn1d_wdad/debug/loops
[resp] 200 ime/flows/_test_experience_1779878794073/objects/supervisor/threads/t_user_mpnxvn1d_wdad/debug/loops
rows: 5
[resp] 200 /flows/_test_experience_1779878794073/objects/supervisor/threads/t_user_mpnxvn1d_wdad/debug/loops/10
[resp] 200 e/flows/_test_experience_1779878794073/objects/supervisor/threads/t_user_mpnxvn1d_wdad/debug/loops/9
[shot] v7-01-custom-clicked-wait4s
body[0] (after 4s): 21 chars: Loading loop details…
[shot] v7-02-file-clicked
file body: 198 chars: file diff: /Users/zhangzhefu/x/ooc-2/ooc/.ooc-world/pools/objects/supervisor/scratch/form-probe.md
1
2
3
4
# form-probe


用于观察 command_exec form 在 open 状态下的预检查提示，以及 failed → refine → submit 的修复路径。


CM: 1
[shot] v7-03-talk-clicked
talk body chars: 21
[shot] v7-04-command-exec-clicked
cmd body chars: 21
loop5 rows: 4
[shot] v7-05-loop5-file-clicked
CM at loop5: 1
loop5 file body chars: 198
=== DONE ===
