--- v8 @ 2026-05-27T10:56:23.611Z ---
[c] debug [vite] connecting...
[c] debug [vite] connected.
[c] info %cDownload the React DevTools for a better development experience: https://react.dev/link/react-devtools font-weight:bold
[c] warning [objects/query] skip stones/self lookup for non-stone object id "user" (filtered to avoid 404 noise; see M-3 fix)
[resp] 200 rience_1779878794073/objects/supervisor/threads/t_user_mpnxvn1d_wdad/debug/loops
[resp] 200 rience_1779878794073/objects/supervisor/threads/t_user_mpnxvn1d_wdad/debug/loops
clicked custom; waiting 15s
[resp] 200 nce_1779878794073/objects/supervisor/threads/t_user_mpnxvn1d_wdad/debug/loops/10
[resp] 200 ence_1779878794073/objects/supervisor/threads/t_user_mpnxvn1d_wdad/debug/loops/9
t=1s body=21c "Loading loop details…"
t=2s body=21c "Loading loop details…"
t=3s body=21c "Loading loop details…"
t=4s body=21c "Loading loop details…"
t=5s body=21c "Loading loop details…"
t=6s body=21c "Loading loop details…"
t=7s body=21c "Loading loop details…"
t=8s body=21c "Loading loop details…"
t=9s body=21c "Loading loop details…"
t=10s body=21c "Loading loop details…"
t=11s body=21c "Loading loop details…"
t=12s body=21c "Loading loop details…"
t=13s body=21c "Loading loop details…"
t=14s body=21c "Loading loop details…"
t=15s body=21c "Loading loop details…"
[shot] v8-01-custom-15s-wait
clicked command_exec; waiting 15s
t=1s body=21c "Loading loop details…"
t=2s body=21c "Loading loop details…"
t=3s body=21c "Loading loop details…"
t=4s body=21c "Loading loop details…"
t=5s body=21c "Loading loop details…"
t=6s body=21c "Loading loop details…"
t=7s body=21c "Loading loop details…"
t=8s body=21c "Loading loop details…"
t=9s body=21c "Loading loop details…"
t=10s body=21c "Loading loop details…"
t=11s body=21c "Loading loop details…"
t=12s body=21c "Loading loop details…"
t=13s body=21c "Loading loop details…"
t=14s body=21c "Loading loop details…"
t=15s body=21c "Loading loop details…"
[shot] v8-02-cmdexec-15s-wait
DONE
